<?xml version="1.0" encoding="utf-8" standalone="no"?>
<test-run id="0" runstate="Runnable" testcasecount="1" result="Passed" total="1" passed="1" failed="0" inconclusive="0" skipped="0" asserts="1" engine-version="3.11.1.0" clr-version="4.0.30319.42000" start-time="2020-12-01 11:26:34Z" end-time="2020-12-01 11:26:35Z" duration="0.847741">
  <command-line><![CDATA[packages\NUnit.ConsoleRunner\tools\nunit3-console.exe  TestProject1\bin\Debug\TestProject1.dll]]></command-line>
  <test-suite type="Assembly" id="0-1002" name="TestProject1.dll" fullname="C:\WLCR\github\FSharpCore5PaketRedirectionBug\TestProject1\bin\Debug\TestProject1.dll" runstate="Runnable" testcasecount="1" result="Passed" start-time="2020-12-01 11:26:35Z" end-time="2020-12-01 11:26:35Z" duration="0.082513" total="1" passed="1" failed="0" warnings="0" inconclusive="0" skipped="0" asserts="1">
    <environment framework-version="3.12.0.0" clr-version="4.0.30319.42000" os-version="Microsoft Windows NT 10.0.17763.0" platform="Win32NT" cwd="C:\WLCR\github\FSharpCore5PaketRedirectionBug" machine-name="KIRICHENKO-XP" user="kirichenko" user-domain="KL" culture="ru-RU" uiculture="en-US" os-architecture="x64" />
    <settings>
      <setting name="DisposeRunners" value="True" />
      <setting name="WorkDirectory" value="C:\WLCR\github\FSharpCore5PaketRedirectionBug" />
      <setting name="ImageRuntimeVersion" value="4.0.30319" />
      <setting name="ImageTargetFrameworkName" value=".NETFramework,Version=v4.6.2" />
      <setting name="ImageRequiresX86" value="False" />
      <setting name="ImageRequiresDefaultAppDomainAssemblyResolver" value="False" />
      <setting name="RuntimeFramework" value="net-4.0" />
      <setting name="NumberOfTestWorkers" value="8" />
    </settings>
    <properties>
      <property name="_PID" value="21540" />
      <property name="_APPDOMAIN" value="domain-" />
    </properties>
    <test-suite type="TestSuite" id="0-1003" name="TestProject1" fullname="TestProject1" runstate="Runnable" testcasecount="1" result="Passed" start-time="2020-12-01 11:26:35Z" end-time="2020-12-01 11:26:35Z" duration="0.064000" total="1" passed="1" failed="0" warnings="0" inconclusive="0" skipped="0" asserts="1">
      <test-suite type="TestFixture" id="0-1000" name="Tests" fullname="TestProject1.Tests" classname="TestProject1.Tests" runstate="Runnable" testcasecount="1" result="Passed" start-time="2020-12-01 11:26:35Z" end-time="2020-12-01 11:26:35Z" duration="0.060022" total="1" passed="1" failed="0" warnings="0" inconclusive="0" skipped="0" asserts="1">
        <test-case id="0-1001" name="Test1" fullname="TestProject1.Tests.Test1" methodname="Test1" classname="TestProject1.Tests" runstate="Runnable" seed="1718576515" result="Passed" start-time="2020-12-01 11:26:35Z" end-time="2020-12-01 11:26:35Z" duration="0.049776" asserts="1" />
      </test-suite>
    </test-suite>
  </test-suite>
</test-run>